<?xml version="1.0" encoding="utf-8"?><testsuites name="pytest tests"><testsuite name="pytest" errors="0" failures="0" skipped="0" tests="26" time="2.715" timestamp="2026-05-04T06:23:05.488923+00:00" hostname="agent-env-8b25e8a3-25fe-447b-ba2f-e049dc0dc7e8"><testcase classname="backend.tests.test_autoland_backend.TestPublic" name="test_root" time="0.197" /><testcase classname="backend.tests.test_autoland_backend.TestPublic" name="test_get_settings" time="0.044" /><testcase classname="backend.tests.test_autoland_backend.TestPublic" name="test_get_reviews" time="0.044" /><testcase classname="backend.tests.test_autoland_backend.TestPublic" name="test_create_inquiry" time="0.047" /><testcase classname="backend.tests.test_autoland_backend.TestPublic" name="test_inquiry_validation" time="0.044" /><testcase classname="backend.tests.test_autoland_backend.TestAuth" name="test_login_wrong_password" time="0.269" /><testcase classname="backend.tests.test_autoland_backend.TestAuth" name="test_login_unknown_email" time="0.048" /><testcase classname="backend.tests.test_autoland_backend.TestAuth" name="test_me_with_token" time="0.320" /><testcase classname="backend.tests.test_autoland_backend.TestAuth" name="test_me_without_token" time="0.103" /><testcase classname="backend.tests.test_autoland_backend.TestAuth" name="test_admin_endpoints_require_auth" time="0.485" /><testcase classname="backend.tests.test_autoland_backend.TestAdminInquiries" name="test_list_inquiries" time="0.045" /><testcase classname="backend.tests.test_autoland_backend.TestAdminInquiries" name="test_stats" time="0.044" /><testcase classname="backend.tests.test_autoland_backend.TestAdminInquiries" name="test_resolve_creates_token" time="0.047" /><testcase classname="backend.tests.test_autoland_backend.TestAdminInquiries" name="test_resolve_404" time="0.044" /><testcase classname="backend.tests.test_autoland_backend.TestReviews" name="test_check_token_ok" time="0.045" /><testcase classname="backend.tests.test_autoland_backend.TestReviews" name="test_check_token_invalid" time="0.043" /><testcase classname="backend.tests.test_autoland_backend.TestReviews" name="test_submit_review" time="0.052" /><testcase classname="backend.tests.test_autoland_backend.TestReviews" name="test_submit_review_duplicate" time="0.044" /><testcase classname="backend.tests.test_autoland_backend.TestReviews" name="test_check_token_after_submit" time="0.046" /><testcase classname="backend.tests.test_autoland_backend.TestReviews" name="test_review_appears_in_public_list" time="0.046" /><testcase classname="backend.tests.test_autoland_backend.TestReviews" name="test_invalid_rating" time="0.041" /><testcase classname="backend.tests.test_autoland_backend.TestAdminSettings" name="test_update_settings" time="0.087" /><testcase classname="backend.tests.test_autoland_backend.TestAdminSettings" name="test_status_toggle_break" time="0.176" /><testcase classname="backend.tests.test_autoland_backend.TestAdminSettings" name="test_status_invalid" time="0.046" /><testcase classname="backend.tests.test_autoland_backend.TestCleanup" name="test_delete_review" time="0.042" /><testcase classname="backend.tests.test_autoland_backend.TestCleanup" name="test_delete_inquiry" time="0.094" /></testsuite></testsuites>